2025-01-24 00:40:47,390 - TextMining - INFO - 当前配置:
2025-01-24 00:40:47,390 - TextMining - INFO - 最大爬取页数: 50
2025-01-24 00:40:47,390 - TextMining - INFO - 等待时间范围: {'MIN': 2, 'MAX': 5}
2025-01-24 00:40:47,390 - TextMining - INFO - 词云图尺寸: 1200x800
2025-01-24 00:40:48,007 - TextMining - INFO - 开始登录淘宝...
2025-01-24 00:41:24,303 - TextMining - INFO - 开始爬取评论...
2025-01-24 00:41:42,983 - TextMining - INFO - 成功获取 19 条评论
2025-01-24 00:41:42,984 - TextMining - INFO - 开始分析评论...
2025-01-24 00:41:43,385 - TextMining - INFO - 正在生成词云...
2025-01-24 00:41:44,115 - TextMining - INFO - 生成词频统计...
2025-01-24 00:41:44,116 - TextMining - INFO - 味道: 15次
2025-01-24 00:41:44,116 - TextMining - INFO - 不错: 8次
2025-01-24 00:41:44,116 - TextMining - INFO - 好吃: 7次
2025-01-24 00:41:44,116 - TextMining - INFO - 口感: 6次
2025-01-24 00:41:44,116 - TextMining - INFO - 非常: 5次
2025-01-24 00:41:44,116 - TextMining - INFO - 小时候: 5次
2025-01-24 00:41:44,116 - TextMining - INFO - 满意: 4次
2025-01-24 00:41:44,116 - TextMining - INFO - 收到: 4次
2025-01-24 00:41:44,116 - TextMining - INFO - 喜欢: 4次
2025-01-24 00:41:44,116 - TextMining - INFO - 可以: 3次
2025-01-24 00:41:44,116 - TextMining - INFO - 商品: 3次
2025-01-24 00:41:44,116 - TextMining - INFO - 保质期: 3次
2025-01-24 00:41:44,116 - TextMining - INFO - 购买: 3次
2025-01-24 00:41:44,116 - TextMining - INFO - 很快: 3次
2025-01-24 00:41:44,117 - TextMining - INFO - 新鲜: 3次
2025-01-24 00:41:44,117 - TextMining - INFO - 就是: 2次
2025-01-24 00:41:44,117 - TextMining - INFO - 几包: 2次
2025-01-24 00:41:44,117 - TextMining - INFO - 第一次: 2次
2025-01-24 00:41:44,117 - TextMining - INFO - 快递: 2次
2025-01-24 00:41:44,117 - TextMining - INFO - 已经: 2次
2025-01-24 00:41:44,117 - TextMining - INFO - 开始主题分析...
